{
  "RSpec": {
    "coverage": {
      "/Users/abacon/Projects/makers/week8/acebook-true-GrIT/spec/controllers/posts_controller_spec.rb": [
        1,
        null,
        1,
        1,
        1,
        1,
        1,
        null,
        null,
        null,
        1,
        1,
        1,
        1,
        null,
        null,
        1,
        1,
        1,
        null,
        null,
        null,
        1,
        1,
        1,
        1,
        null,
        null,
        null
      ],
      "/Users/abacon/Projects/makers/week8/acebook-true-GrIT/spec/rails_helper.rb": [
        null,
        1,
        1,
        null,
        1,
        1,
        1,
        null,
        null,
        null,
        null,
        null,
        null,
        null,
        null,
        null,
        null,
        null,
        null,
        null,
        null,
        null,
        null,
        null,
        null,
        null,
        1,
        null,
        1,
        null,
        1,
        null,
        null,
        null,
        null,
        1,
        null,
        null,
        null,
        null,
        null,
        null,
        null,
        null,
        null,
        null,
        null,
        null,
        null,
        null,
        1,
        null,
        null,
        1,
        null,
        null,
        null
      ],
      "/Users/abacon/Projects/makers/week8/acebook-true-GrIT/config/environment.rb": [
        null,
        1,
        null,
        null,
        1
      ],
      "/Users/abacon/Projects/makers/week8/acebook-true-GrIT/config/application.rb": [
        1,
        null,
        1,
        null,
        null,
        null,
        1,
        null,
        1,
        1,
        null,
        1,
        null,
        null,
        null,
        null,
        null,
        null
      ],
      "/Users/abacon/Projects/makers/week8/acebook-true-GrIT/config/boot.rb": [
        1,
        null,
        1
      ],
      "/Users/abacon/Projects/makers/week8/acebook-true-GrIT/config/environments/test.rb": [
        1,
        null,
        null,
        null,
        null,
        null,
        null,
        1,
        null,
        null,
        null,
        null,
        1,
        null,
        null,
        1,
        1,
        null,
        null,
        null,
        null,
        1,
        1,
        null,
        null,
        1,
        null,
        null,
        1,
        1,
        null,
        null,
        null,
        null,
        1,
        null,
        null,
        1,
        null,
        null,
        null,
        null
      ],
      "/Users/abacon/Projects/makers/week8/acebook-true-GrIT/config/initializers/application_controller_renderer.rb": [
        null,
        null,
        null,
        null,
        null,
        null
      ],
      "/Users/abacon/Projects/makers/week8/acebook-true-GrIT/config/initializers/assets.rb": [
        null,
        null,
        null,
        1,
        null,
        null,
        null,
        null,
        1,
        null,
        null,
        null,
        null,
        null
      ],
      "/Users/abacon/Projects/makers/week8/acebook-true-GrIT/config/initializers/backtrace_silencers.rb": [
        null,
        null,
        null,
        null,
        null,
        null,
        null
      ],
      "/Users/abacon/Projects/makers/week8/acebook-true-GrIT/config/initializers/cookies_serializer.rb": [
        null,
        null,
        null,
        null,
        1
      ],
      "/Users/abacon/Projects/makers/week8/acebook-true-GrIT/config/initializers/filter_parameter_logging.rb": [
        null,
        null,
        null,
        1
      ],
      "/Users/abacon/Projects/makers/week8/acebook-true-GrIT/config/initializers/inflections.rb": [
        null,
        null,
        null,
        null,
        null,
        null,
        null,
        null,
        null,
        null,
        null,
        null,
        null,
        null,
        null,
        null
      ],
      "/Users/abacon/Projects/makers/week8/acebook-true-GrIT/config/initializers/mime_types.rb": [
        null,
        null,
        null,
        null
      ],
      "/Users/abacon/Projects/makers/week8/acebook-true-GrIT/config/initializers/wrap_parameters.rb": [
        null,
        null,
        null,
        null,
        null,
        null,
        1,
        2,
        null,
        null,
        null,
        null,
        null,
        null
      ],
      "/Users/abacon/Projects/makers/week8/acebook-true-GrIT/config/routes.rb": [
        1,
        1,
        null,
        null,
        1,
        null
      ],
      "/Users/abacon/Projects/makers/week8/acebook-true-GrIT/app/helpers/application_helper.rb": [
        1,
        null
      ],
      "/Users/abacon/Projects/makers/week8/acebook-true-GrIT/app/helpers/welcome_helper.rb": [
        1,
        null
      ],
      "/Users/abacon/Projects/makers/week8/acebook-true-GrIT/app/controllers/posts_controller.rb": [
        1,
        1,
        2,
        null,
        null,
        1,
        3,
        3,
        null,
        null,
        1,
        3,
        null,
        null,
        1,
        null,
        1,
        3,
        null,
        null
      ],
      "/Users/abacon/Projects/makers/week8/acebook-true-GrIT/app/controllers/application_controller.rb": [
        1,
        1,
        null
      ],
      "/Users/abacon/Projects/makers/week8/acebook-true-GrIT/spec/controllers/welcome_controller_spec.rb": [
        1,
        null,
        1,
        null,
        null
      ],
      "/Users/abacon/Projects/makers/week8/acebook-true-GrIT/app/controllers/welcome_controller.rb": [
        1,
        null
      ],
      "/Users/abacon/Projects/makers/week8/acebook-true-GrIT/spec/features/user_can_submit_posts_spec.rb": [
        1,
        null,
        1,
        1,
        1,
        1,
        1,
        1,
        1,
        null,
        null
      ],
      "/Users/abacon/Projects/makers/week8/acebook-true-GrIT/spec/helpers/welcome_helper_spec.rb": [
        1,
        null,
        null,
        null,
        null,
        null,
        null,
        null,
        null,
        null,
        null,
        null,
        1,
        1,
        null
      ],
      "/Users/abacon/Projects/makers/week8/acebook-true-GrIT/spec/models/post_spec.rb": [
        1,
        null,
        1,
        2,
        null
      ],
      "/Users/abacon/Projects/makers/week8/acebook-true-GrIT/app/models/post.rb": [
        1,
        null
      ],
      "/Users/abacon/Projects/makers/week8/acebook-true-GrIT/app/models/application_record.rb": [
        1,
        1,
        null
      ]
    },
    "timestamp": 1578932897
  }
}
